[INFO] Scanning for projects...
[WARNING] 
[WARNING] Some problems were encountered while building the effective model for com.shinemo.account:account-common-util:jar:0.0.1-SNAPSHOT
[WARNING] 'build.plugins.plugin.version' for org.apache.maven.plugins:maven-compiler-plugin is missing. @ com.shinemo.account:account-parent:0.0.1-SNAPSHOT, D:\repository\com\shinemo\account\account-parent\0.0.1-SNAPSHOT\account-parent-0.0.1-SNAPSHOT.pom, line 32, column 21
[WARNING] 'build.plugins.plugin.version' for org.apache.maven.plugins:maven-surefire-plugin is missing. @ com.shinemo.account:account-parent:0.0.1-SNAPSHOT, D:\repository\com\shinemo\account\account-parent\0.0.1-SNAPSHOT\account-parent-0.0.1-SNAPSHOT.pom, line 46, column 21
[WARNING] 'build.plugins.plugin.version' for org.apache.maven.plugins:maven-resources-plugin is missing. @ com.shinemo.account:account-parent:0.0.1-SNAPSHOT, D:\repository\com\shinemo\account\account-parent\0.0.1-SNAPSHOT\account-parent-0.0.1-SNAPSHOT.pom, line 40, column 21
[WARNING] 
[WARNING] It is highly recommended to fix these problems because they threaten the stability of your build.
[WARNING] 
[WARNING] For this reason, future Maven versions might no longer support building such malformed projects.
[WARNING] 
[INFO] 
[INFO] ------------------------------------------------------------------------
[INFO] Building account-common-util 0.0.1-SNAPSHOT
[INFO] ------------------------------------------------------------------------
[INFO] 
[INFO] --- maven-resources-plugin:2.6:resources (default-resources) @ account-common-util ---
[INFO] Using 'UTF-8' encoding to copy filtered resources.
[INFO] Copying 0 resource
[INFO] 
[INFO] --- maven-compiler-plugin:3.1:compile (default-compile) @ account-common-util ---
[INFO] Nothing to compile - all classes are up to date
[INFO] 
[INFO] --- maven-resources-plugin:2.6:testResources (default-testResources) @ account-common-util ---
[INFO] Using 'UTF-8' encoding to copy filtered resources.
[INFO] Copying 0 resource
[INFO] 
[INFO] --- maven-compiler-plugin:3.1:testCompile (default-testCompile) @ account-common-util ---
[INFO] Nothing to compile - all classes are up to date
[INFO] 
[INFO] --- maven-surefire-plugin:2.12.4:test (default-test) @ account-common-util ---
[INFO] Tests are skipped.
[INFO] 
[INFO] --- maven-jar-plugin:2.4:jar (default-jar) @ account-common-util ---
[INFO] Building jar: D:\github_code\maven-plugin\maven-pluginHello-plugin\src\it\account-common-util\target\account-common-util-0.0.1-SNAPSHOT.jar
[INFO] 
[INFO] --- maven-pluginHello-plugin:1.0-SNAPSHOT:count (default) @ account-common-util ---
[INFO] basedir=D:\github_code\maven-plugin\maven-pluginHello-plugin\src\it\account-common-util
[INFO] sourceDirectory=D:\github_code\maven-plugin\maven-pluginHello-plugin\src\it\account-common-util\src\main\java
[INFO] \src\main\java: 5 lines of code in 1 files
[INFO] testSourceDirectory=D:\github_code\maven-plugin\maven-pluginHello-plugin\src\it\account-common-util\src\test\java
[INFO] \src\test\java: 0 lines of code in 0 files
[INFO] resource=D:\github_code\maven-plugin\maven-pluginHello-plugin\src\it\account-common-util\src\main\resources
[INFO] \src\main\resources: 0 lines of code in 0 files
[INFO] testResources=D:\github_code\maven-plugin\maven-pluginHello-plugin\src\it\account-common-util\src\test\resources
[INFO] \src\test\resources: 0 lines of code in 0 files
[INFO] 
[INFO] --- maven-install-plugin:2.4:install (default-install) @ account-common-util ---
[INFO] Installing D:\github_code\maven-plugin\maven-pluginHello-plugin\src\it\account-common-util\target\account-common-util-0.0.1-SNAPSHOT.jar to D:\repository\com\shinemo\account\account-common-util\0.0.1-SNAPSHOT\account-common-util-0.0.1-SNAPSHOT.jar
[INFO] Installing D:\github_code\maven-plugin\maven-pluginHello-plugin\src\it\account-common-util\interpolated-pom.xml to D:\repository\com\shinemo\account\account-common-util\0.0.1-SNAPSHOT\account-common-util-0.0.1-SNAPSHOT.pom
[INFO] ------------------------------------------------------------------------
[INFO] BUILD SUCCESS
[INFO] ------------------------------------------------------------------------
[INFO] Total time: 0.695 s
[INFO] Finished at: 2019-12-26T17:44:46+08:00
[INFO] Final Memory: 12M/155M
[INFO] ------------------------------------------------------------------------
